<?xml version="1.0" encoding="UTF-8"?>
<testsuite xmlns:xsi="http://www.w3.org/2001/XMLSchema-instance" xsi:noNamespaceSchemaLocation="https://maven.apache.org/surefire/maven-surefire-plugin/xsd/surefire-test-report.xsd" name="com.example.CommunityApplicationTests" time="0.201" tests="8" errors="8" skipped="0" failures="0">
  <properties>
[...]
</properties>
  <testcase name="initializationError" classname="com.example.CommunityApplicationTests" time="0.005">
    <error message="The class com.example.CommunityApplicationTests is not public." type="java.lang.Exception">java.lang.Exception: The class com.example.CommunityApplicationTests is not public.
</error>
  </testcase>
  <testcase name="initializationError" classname="com.example.CommunityApplicationTests" time="0">
    <error message="Test class should have exactly one public constructor" type="java.lang.Exception">java.lang.Exception: Test class should have exactly one public constructor
</error>
  </testcase>
  <testcase name="initializationError" classname="com.example.CommunityApplicationTests" time="0">
    <error message="Method test03() should be public" type="java.lang.Exception">java.lang.Exception: Method test03() should be public
</error>
  </testcase>
  <testcase name="initializationError" classname="com.example.CommunityApplicationTests" time="0">
    <error message="Method test2() should be public" type="java.lang.Exception">java.lang.Exception: Method test2() should be public
</error>
  </testcase>
  <testcase name="initializationError" classname="com.example.CommunityApplicationTests" time="0">
    <error message="Method test5() should be public" type="java.lang.Exception">java.lang.Exception: Method test5() should be public
</error>
  </testcase>
  <testcase name="initializationError" classname="com.example.CommunityApplicationTests" time="0">
    <error message="Method test6() should be public" type="java.lang.Exception">java.lang.Exception: Method test6() should be public
</error>
  </testcase>
  <testcase name="initializationError" classname="com.example.CommunityApplicationTests" time="0">
    <error message="Method test8() should be public" type="java.lang.Exception">java.lang.Exception: Method test8() should be public
</error>
  </testcase>
  <testcase name="initializationError" classname="com.example.CommunityApplicationTests" time="0.001">
    <error message="Method contextLoads() should be public" type="java.lang.Exception">java.lang.Exception: Method contextLoads() should be public
</error>
  </testcase>
</testsuite>